hugosmith
hsmith
husm
smithhugo
smhu
shugo
hugo.smith
hu.sm
h.smith
smith.hugo
sm.hu
s.hugo
hugo-smith
hu-sm
h-smith
smith-hugo
sm-hu
s-hugo
hugo_smith
hu_sm
h_smith
smith_hugo
sm_hu
s_hugo
stevenkerb
skerb
stke
kerbsteven
kest
ksteven
steven.kerb
st.ke
s.kerb
kerb.steven
ke.st
k.steven
steven-kerb
st-ke
s-kerb
kerb-steven
ke-st
k-steven
steven_kerb
st_ke
s_kerb
kerb_steven
ke_st
k_steven
bowietaylor
btaylor
bota
taylorbowie
tabo
tbowie
bowie.taylor
bo.ta
b.taylor
taylor.bowie
ta.bo
t.bowie
bowie-taylor
bo-ta
b-taylor
taylor-bowie
ta-bo
t-bowie
bowie_taylor
bo_ta
b_taylor
taylor_bowie
ta_bo
t_bowie
sophiedriver
sdriver
sodr
driversophie
drso
dsophie
sophie.driver
so.dr
s.driver
driver.sophie
dr.so
d.sophie
sophie-driver
so-dr
s-driver
driver-sophie
dr-so
d-sophie
sophie_driver
so_dr
s_driver
driver_sophie
dr_so
d_sophie
shauncoins
scoins
shco
coinsshaun
cosh
cshaun
shaun.coins
sh.co
s.coins
coins.shaun
co.sh
c.shaun
shaun-coins
sh-co
s-coins
coins-shaun
co-sh
c-shaun
shaun_coins
sh_co
s_coins
coins_shaun
co_sh
c_shaun
hugobear
hbear
hube
bearhugo
behu
bhugo
hugo.bear
hu.be
h.bear
bear.hugo
be.hu
b.hugo
hugo-bear
hu-be
h-bear
bear-hugo
be-hu
b-hugo
hugo_bear
hu_be
h_bear
bear_hugo
be_hu
b_hugo
fergussmith
fsmith
fesm
smithfergus
smfe
sfergus
fergus.smith
fe.sm
f.smith
smith.fergus
sm.fe
s.fergus
fergus-smith
fe-sm
f-smith
smith-fergus
sm-fe
s-fergus
fergus_smith
fe_sm
f_smith
smith_fergus
sm_fe
s_fergus
