lorem
accumsan
fidelity
adipiscing
nisi
porttitor
phasellus
enim
feugiat
arcu
nascetur
augue
nunc
facilisis
header
apps
orci
tortor
praesent
integer
aliquet
varius
tempus
consequat
home
about
admin
future
newsletter
footer
twitter
facebook
linkedin
instagram
github
email
rights
reserved
scripts
amet
dolor
lobortis
ipsum
next
magna
learn
more
ultricies
import
products
link
payment
system
enable
certificates
location
myfiles
login
banner
landed
there
hoverboards
flying
cars
just
lots
mother
flipping
search
stay
tuned
subscribe
blandit
semper
morbi
iaculis
neque
massa
nullam
volutpat
diam
odio
purus
suscipit
erat
velit
quam
libero
euismod
dapibus
vitae
sapien
sign
access
logout
wifi
control
your
networks
donec
placerat
ante
metus
pharetra
finibus
tellus
commodo
eget
three
four
choose
gravida
faucibus
posuere
nulla
condimentum
malesuada
help
convallis
lacus
dictum
aenean
risus
viverra
pretium
dignissim
proin
bored
laoreet
elit
pellentesque
mauris
tempor
vulputate
lacinia
cras
sollicitudin
five
want
denied
missing
please
ensure
through
proxy
this
page
